2020-04-15 01:32:12.869  INFO [book,,,] 18500 --- [main] c.c.c.ConfigServicePropertySourceLocator : Fetching config from server at : http://localhost:9101
2020-04-15 01:32:13.943  INFO [book,,,] 18500 --- [main] c.c.c.ConfigServicePropertySourceLocator : Located environment: name=book, profiles=[default], label=null, version=fc976e353d551a0a0ea7a51737bf5dfb54c16f2f, state=null
2020-04-15 01:32:13.947  INFO [book,,,] 18500 --- [main] b.c.PropertySourceBootstrapConfiguration : Located property source: [BootstrapPropertySource {name='bootstrapProperties-configClient'}, BootstrapPropertySource {name='bootstrapProperties-https://github.com/SebFlatBeat/bibliotheque-config-repo.git/book.properties'}]
2020-04-15 01:32:14.044  INFO [book,,,] 18500 --- [main] com.Ustora.book.BookApplicationTests     : No active profile set, falling back to default profiles: default
2020-04-15 01:32:16.506  INFO [book,,,] 18500 --- [main] .s.d.r.c.RepositoryConfigurationDelegate : Bootstrapping Spring Data JPA repositories in DEFAULT mode.
2020-04-15 01:32:16.952  INFO [book,,,] 18500 --- [main] .s.d.r.c.RepositoryConfigurationDelegate : Finished Spring Data repository scanning in 415ms. Found 2 JPA repository interfaces.
2020-04-15 01:32:17.395  WARN [book,,,] 18500 --- [main] o.s.boot.actuate.endpoint.EndpointId     : Endpoint ID 'service-registry' contains invalid characters, please migrate to a valid format.
2020-04-15 01:32:18.224  INFO [book,,,] 18500 --- [main] o.s.cloud.context.scope.GenericScope     : BeanFactory id=9f1606f2-fc11-3748-a77e-6e4f895f6f88
2020-04-15 01:32:20.658  INFO [book,,,] 18500 --- [main] o.hibernate.jpa.internal.util.LogHelper  : HHH000204: Processing PersistenceUnitInfo [name: default]
2020-04-15 01:32:20.839  INFO [book,,,] 18500 --- [main] org.hibernate.Version                    : HHH000412: Hibernate ORM core version 5.4.12.Final
2020-04-15 01:32:21.158  INFO [book,,,] 18500 --- [main] o.hibernate.annotations.common.Version   : HCANN000001: Hibernate Commons Annotations {5.1.0.Final}
2020-04-15 01:32:21.572  INFO [book,,,] 18500 --- [main] com.zaxxer.hikari.HikariDataSource       : HikariPool-1 - Starting...
2020-04-15 01:32:21.882  INFO [book,,,] 18500 --- [main] com.zaxxer.hikari.HikariDataSource       : HikariPool-1 - Start completed.
2020-04-15 01:32:21.923  INFO [book,,,] 18500 --- [main] org.hibernate.dialect.Dialect            : HHH000400: Using dialect: org.hibernate.dialect.PostgreSQLDialect
2020-04-15 01:32:25.176  INFO [book,,,] 18500 --- [main] o.h.e.t.j.p.i.JtaPlatformInitiator       : HHH000490: Using JtaPlatform implementation: [org.hibernate.engine.transaction.jta.platform.internal.NoJtaPlatform]
2020-04-15 01:32:25.195  INFO [book,,,] 18500 --- [main] j.LocalContainerEntityManagerFactoryBean : Initialized JPA EntityManagerFactory for persistence unit 'default'
2020-04-15 01:32:27.942  WARN [book,,,] 18500 --- [main] JpaBaseConfiguration$JpaWebConfiguration : spring.jpa.open-in-view is enabled by default. Therefore, database queries may be performed during view rendering. Explicitly configure spring.jpa.open-in-view to disable this warning
2020-04-15 01:32:28.435  WARN [book,,,] 18500 --- [main] c.n.c.sources.URLConfigurationSource     : No URLs will be polled as dynamic configuration sources.
2020-04-15 01:32:28.438  INFO [book,,,] 18500 --- [main] c.n.c.sources.URLConfigurationSource     : To enable URLs as dynamic configuration sources, define System property archaius.configurationSource.additionalUrls or make config.properties available on classpath.
2020-04-15 01:32:28.485  INFO [book,,,] 18500 --- [main] c.netflix.config.DynamicPropertyFactory  : DynamicPropertyFactory is initialized with configuration sources: com.netflix.config.ConcurrentCompositeConfiguration@222eda8a
2020-04-15 01:32:31.710  WARN [book,,,] 18500 --- [main] c.n.c.sources.URLConfigurationSource     : No URLs will be polled as dynamic configuration sources.
2020-04-15 01:32:31.722  INFO [book,,,] 18500 --- [main] c.n.c.sources.URLConfigurationSource     : To enable URLs as dynamic configuration sources, define System property archaius.configurationSource.additionalUrls or make config.properties available on classpath.
2020-04-15 01:32:32.615  INFO [book,,,] 18500 --- [main] o.s.s.concurrent.ThreadPoolTaskExecutor  : Initializing ExecutorService 'applicationTaskExecutor'
2020-04-15 01:32:38.592  INFO [book,,,] 18500 --- [main] o.s.s.c.ThreadPoolTaskScheduler          : Initializing ExecutorService 'taskScheduler'
2020-04-15 01:32:40.380  WARN [book,,,] 18500 --- [main] ockingLoadBalancerClientRibbonWarnLogger : You already have RibbonLoadBalancerClient on your classpath. It will be used by default. As Spring Cloud Ribbon is in maintenance mode. We recommend switching to BlockingLoadBalancerClient instead. In order to use it, set the value of `spring.cloud.loadbalancer.ribbon.enabled` to `false` or remove spring-cloud-starter-netflix-ribbon from your project.
2020-04-15 01:32:45.982  INFO [book,,,] 18500 --- [main] o.s.b.a.e.web.EndpointLinksResolver      : Exposing 18 endpoint(s) beneath base path '/actuator'
2020-04-15 01:32:46.413  INFO [book,,,] 18500 --- [main] com.Ustora.book.BookApplicationTests     : Started BookApplicationTests in 36.126 seconds (JVM running for 38.773)
2020-04-15 01:32:47.228  INFO [book,,,] 18500 --- [SpringContextShutdownHook] o.s.c.n.eureka.InstanceInfoFactory       : Setting initial instance status as: STARTING
2020-04-15 01:32:47.243  INFO [book,,,] 18500 --- [SpringContextShutdownHook] o.s.c.n.e.s.EurekaServiceRegistry        : Unregistering application BOOK with eureka with status DOWN
2020-04-15 01:32:47.556  INFO [book,,,] 18500 --- [SpringContextShutdownHook] o.s.s.c.ThreadPoolTaskScheduler          : Shutting down ExecutorService 'taskScheduler'
2020-04-15 01:32:47.564  INFO [book,,,] 18500 --- [SpringContextShutdownHook] o.s.s.concurrent.ThreadPoolTaskExecutor  : Shutting down ExecutorService 'applicationTaskExecutor'
2020-04-15 01:32:47.594  INFO [book,,,] 18500 --- [SpringContextShutdownHook] j.LocalContainerEntityManagerFactoryBean : Closing JPA EntityManagerFactory for persistence unit 'default'
2020-04-15 01:32:47.604  INFO [book,,,] 18500 --- [SpringContextShutdownHook] com.zaxxer.hikari.HikariDataSource       : HikariPool-1 - Shutdown initiated...
2020-04-15 01:32:47.626  INFO [book,,,] 18500 --- [SpringContextShutdownHook] com.zaxxer.hikari.HikariDataSource       : HikariPool-1 - Shutdown completed.
